current directory: C:/dev/repository/git/blog/.bundle/ruby/2.6.0/gems/nokogiri-1.3.3/ext/nokogiri
C:/Ruby26-x64/bin/ruby.exe -I C:/Ruby26-x64/lib/ruby/2.6.0 -r ./siteconf20191111-1324-9dt260.rb extconf.rb
*** extconf.rb failed ***
Could not create Makefile due to some reason, probably lack of necessary
libraries and/or headers.  Check the mkmf.log file for more details.  You may
need configuration options.

Provided configuration options:
	--with-opt-dir
	--without-opt-dir
	--with-opt-include
	--without-opt-include=${opt-dir}/include
	--with-opt-lib
	--without-opt-lib=${opt-dir}/lib
	--with-make-prog
	--without-make-prog
	--srcdir=.
	--curdir
	--ruby=C:/Ruby26-x64/bin/$(RUBY_BASE_NAME)
extconf.rb:8:in `<main>': uninitialized constant Config (NameError)

extconf failed, exit code 1
